<?xml version="1.0" encoding="UTF-8"?>
<coverage generated="1743855261837" clover="3.2.0">
  <project timestamp="1743855261837" name="All files">
    <metrics statements="51" coveredstatements="48" conditionals="24" coveredconditionals="19" methods="19" coveredmethods="19" elements="94" coveredelements="86" complexity="0" loc="51" ncloc="51" packages="1" files="1" classes="1"/>
    <file name="index.ts" path="/home/fha/code/practice/validator/src/index.ts">
      <metrics statements="51" coveredstatements="48" conditionals="24" coveredconditionals="19" methods="19" coveredmethods="19"/>
      <line num="18" count="1" type="stmt"/>
      <line num="19" count="5" type="stmt"/>
      <line num="20" count="11" type="stmt"/>
      <line num="24" count="1" type="stmt"/>
      <line num="25" count="1" type="stmt"/>
      <line num="26" count="4" type="stmt"/>
      <line num="30" count="1" type="stmt"/>
      <line num="31" count="1" type="stmt"/>
      <line num="32" count="3" type="stmt"/>
      <line num="36" count="1" type="stmt"/>
      <line num="37" count="1" type="stmt"/>
      <line num="39" count="3" type="cond" truecount="2" falsecount="0"/>
      <line num="43" count="1" type="stmt"/>
      <line num="44" count="2" type="stmt"/>
      <line num="46" count="6" type="cond" truecount="2" falsecount="0"/>
      <line num="50" count="1" type="stmt"/>
      <line num="51" count="1" type="stmt"/>
      <line num="53" count="2" type="cond" truecount="2" falsecount="0"/>
      <line num="57" count="1" type="stmt"/>
      <line num="62" count="9" type="stmt"/>
      <line num="64" count="9" type="stmt"/>
      <line num="65" count="5" type="stmt"/>
      <line num="66" count="5" type="stmt"/>
      <line num="68" count="5" type="stmt"/>
      <line num="71" count="9" type="stmt"/>
      <line num="72" count="46" type="cond" truecount="0" falsecount="1"/>
      <line num="74" count="46" type="cond" truecount="1" falsecount="0"/>
      <line num="75" count="31" type="stmt"/>
      <line num="78" count="15" type="cond" truecount="3" falsecount="0"/>
      <line num="79" count="15" type="cond" truecount="2" falsecount="1"/>
      <line num="80" count="0" type="stmt"/>
      <line num="83" count="15" type="stmt"/>
      <line num="84" count="15" type="stmt"/>
      <line num="87" count="39" type="cond" truecount="0" falsecount="1"/>
      <line num="88" count="0" type="stmt"/>
      <line num="91" count="15" type="cond" truecount="3" falsecount="0"/>
      <line num="93" count="14" type="stmt"/>
      <line num="94" count="38" type="cond" truecount="0" falsecount="1"/>
      <line num="95" count="38" type="cond" truecount="1" falsecount="0"/>
      <line num="97" count="37" type="stmt"/>
      <line num="103" count="37" type="cond" truecount="1" falsecount="0"/>
      <line num="104" count="4" type="stmt"/>
      <line num="107" count="9" type="stmt"/>
      <line num="110" count="0" type="stmt"/>
      <line num="113" count="9" type="stmt"/>
      <line num="116" count="1" type="stmt"/>
      <line num="119" count="1" type="stmt"/>
      <line num="121" count="2" type="cond" truecount="2" falsecount="1"/>
      <line num="123" count="2" type="stmt"/>
      <line num="125" count="2" type="stmt"/>
      <line num="126" count="3" type="stmt"/>
    </file>
  </project>
</coverage>
