{"/home/fha/code/practice/validator/src/index.ts": {"path":"/home/fha/code/practice/validator/src/index.ts","statementMap":{"0":{"start":{"line":18,"column":0},"end":{"line":18,"column":16}},"1":{"start":{"line":24,"column":0},"end":{"line":24,"column":16}},"2":{"start":{"line":30,"column":0},"end":{"line":30,"column":16}},"3":{"start":{"line":36,"column":0},"end":{"line":36,"column":16}},"4":{"start":{"line":43,"column":0},"end":{"line":43,"column":16}},"5":{"start":{"line":50,"column":0},"end":{"line":50,"column":16}},"6":{"start":{"line":57,"column":0},"end":{"line":57,"column":16}},"7":{"start":{"line":116,"column":0},"end":{"line":116,"column":16}},"8":{"start":{"line":19,"column":2},"end":{"line":21,"column":4}},"9":{"start":{"line":20,"column":47},"end":{"line":20,"column":72}},"10":{"start":{"line":25,"column":2},"end":{"line":27,"column":4}},"11":{"start":{"line":26,"column":47},"end":{"line":26,"column":72}},"12":{"start":{"line":31,"column":2},"end":{"line":33,"column":4}},"13":{"start":{"line":32,"column":48},"end":{"line":32,"column":74}},"14":{"start":{"line":37,"column":2},"end":{"line":40,"column":4}},"15":{"start":{"line":39,"column":6},"end":{"line":39,"column":55}},"16":{"start":{"line":44,"column":2},"end":{"line":47,"column":4}},"17":{"start":{"line":46,"column":6},"end":{"line":46,"column":54}},"18":{"start":{"line":51,"column":2},"end":{"line":54,"column":4}},"19":{"start":{"line":53,"column":6},"end":{"line":53,"column":54}},"20":{"start":{"line":62,"column":17},"end":{"line":62,"column":22}},"21":{"start":{"line":64,"column":22},"end":{"line":69,"column":3}},"22":{"start":{"line":65,"column":4},"end":{"line":65,"column":49}},"23":{"start":{"line":66,"column":4},"end":{"line":66,"column":20}},"24":{"start":{"line":68,"column":4},"end":{"line":68,"column":17}},"25":{"start":{"line":71,"column":17},"end":{"line":111,"column":3}},"26":{"start":{"line":72,"column":4},"end":{"line":72,"column":31}},"27":{"start":{"line":72,"column":18},"end":{"line":72,"column":31}},"28":{"start":{"line":74,"column":4},"end":{"line":76,"column":5}},"29":{"start":{"line":75,"column":6},"end":{"line":75,"column":70}},"30":{"start":{"line":78,"column":4},"end":{"line":108,"column":5}},"31":{"start":{"line":79,"column":6},"end":{"line":81,"column":7}},"32":{"start":{"line":80,"column":8},"end":{"line":80,"column":58}},"33":{"start":{"line":83,"column":25},"end":{"line":83,"column":44}},"34":{"start":{"line":84,"column":23},"end":{"line":84,"column":40}},"35":{"start":{"line":87,"column":6},"end":{"line":88,"column":57}},"36":{"start":{"line":87,"column":33},"end":{"line":87,"column":58}},"37":{"start":{"line":88,"column":8},"end":{"line":88,"column":57}},"38":{"start":{"line":91,"column":6},"end":{"line":91,"column":66}},"39":{"start":{"line":91,"column":54},"end":{"line":91,"column":66}},"40":{"start":{"line":93,"column":6},"end":{"line":106,"column":7}},"41":{"start":{"line":94,"column":8},"end":{"line":94,"column":35}},"42":{"start":{"line":94,"column":22},"end":{"line":94,"column":35}},"43":{"start":{"line":95,"column":8},"end":{"line":95,"column":74}},"44":{"start":{"line":95,"column":28},"end":{"line":95,"column":74}},"45":{"start":{"line":97,"column":26},"end":{"line":100,"column":null}},"46":{"start":{"line":103,"column":8},"end":{"line":105,"column":9}},"47":{"start":{"line":104,"column":10},"end":{"line":104,"column":79}},"48":{"start":{"line":107,"column":6},"end":{"line":107,"column":23}},"49":{"start":{"line":110,"column":4},"end":{"line":110,"column":49}},"50":{"start":{"line":113,"column":2},"end":{"line":113,"column":59}},"51":{"start":{"line":119,"column":2},"end":{"line":129,"column":4}},"52":{"start":{"line":121,"column":6},"end":{"line":121,"column":68}},"53":{"start":{"line":121,"column":55},"end":{"line":121,"column":68}},"54":{"start":{"line":123,"column":19},"end":{"line":123,"column":37}},"55":{"start":{"line":125,"column":6},"end":{"line":127,"column":9}},"56":{"start":{"line":126,"column":8},"end":{"line":126,"column":72}}},"fnMap":{"0":{"name":"string","decl":{"start":{"line":18,"column":16},"end":{"line":18,"column":22}},"loc":{"start":{"line":18,"column":22},"end":{"line":22,"column":1}}},"1":{"name":"(anonymous_1)","decl":{"start":{"line":20,"column":14},"end":{"line":20,"column":15}},"loc":{"start":{"line":20,"column":47},"end":{"line":20,"column":72}}},"2":{"name":"number","decl":{"start":{"line":24,"column":16},"end":{"line":24,"column":22}},"loc":{"start":{"line":24,"column":22},"end":{"line":28,"column":1}}},"3":{"name":"(anonymous_3)","decl":{"start":{"line":26,"column":14},"end":{"line":26,"column":15}},"loc":{"start":{"line":26,"column":47},"end":{"line":26,"column":72}}},"4":{"name":"boolean","decl":{"start":{"line":30,"column":16},"end":{"line":30,"column":23}},"loc":{"start":{"line":30,"column":23},"end":{"line":34,"column":1}}},"5":{"name":"(anonymous_5)","decl":{"start":{"line":32,"column":14},"end":{"line":32,"column":15}},"loc":{"start":{"line":32,"column":48},"end":{"line":32,"column":74}}},"6":{"name":"optionalBoolean","decl":{"start":{"line":36,"column":16},"end":{"line":36,"column":31}},"loc":{"start":{"line":36,"column":31},"end":{"line":41,"column":1}}},"7":{"name":"(anonymous_7)","decl":{"start":{"line":38,"column":14},"end":{"line":38,"column":15}},"loc":{"start":{"line":39,"column":6},"end":{"line":39,"column":55}}},"8":{"name":"optionalString","decl":{"start":{"line":43,"column":16},"end":{"line":43,"column":30}},"loc":{"start":{"line":43,"column":30},"end":{"line":48,"column":1}}},"9":{"name":"(anonymous_9)","decl":{"start":{"line":45,"column":14},"end":{"line":45,"column":15}},"loc":{"start":{"line":46,"column":6},"end":{"line":46,"column":54}}},"10":{"name":"optionalNumber","decl":{"start":{"line":50,"column":16},"end":{"line":50,"column":30}},"loc":{"start":{"line":50,"column":30},"end":{"line":55,"column":1}}},"11":{"name":"(anonymous_11)","decl":{"start":{"line":52,"column":14},"end":{"line":52,"column":15}},"loc":{"start":{"line":53,"column":6},"end":{"line":53,"column":54}}},"12":{"name":"validate","decl":{"start":{"line":57,"column":16},"end":{"line":57,"column":24}},"loc":{"start":{"line":60,"column":25},"end":{"line":114,"column":1}}},"13":{"name":"(anonymous_13)","decl":{"start":{"line":64,"column":22},"end":{"line":64,"column":23}},"loc":{"start":{"line":64,"column":63},"end":{"line":69,"column":3}}},"14":{"name":"(anonymous_14)","decl":{"start":{"line":71,"column":17},"end":{"line":71,"column":18}},"loc":{"start":{"line":71,"column":74},"end":{"line":111,"column":3}}},"15":{"name":"(anonymous_15)","decl":{"start":{"line":87,"column":24},"end":{"line":87,"column":25}},"loc":{"start":{"line":87,"column":33},"end":{"line":87,"column":58}}},"16":{"name":"dynamicKeyObject","decl":{"start":{"line":116,"column":16},"end":{"line":116,"column":32}},"loc":{"start":{"line":117,"column":20},"end":{"line":130,"column":1}}},"17":{"name":"(anonymous_17)","decl":{"start":{"line":120,"column":14},"end":{"line":120,"column":15}},"loc":{"start":{"line":120,"column":67},"end":{"line":128,"column":5}}},"18":{"name":"(anonymous_18)","decl":{"start":{"line":125,"column":24},"end":{"line":125,"column":25}},"loc":{"start":{"line":125,"column":32},"end":{"line":127,"column":7}}}},"branchMap":{"0":{"loc":{"start":{"line":39,"column":6},"end":{"line":39,"column":55}},"type":"binary-expr","locations":[{"start":{"line":39,"column":6},"end":{"line":39,"column":25}},{"start":{"line":39,"column":29},"end":{"line":39,"column":55}}]},"1":{"loc":{"start":{"line":46,"column":6},"end":{"line":46,"column":54}},"type":"binary-expr","locations":[{"start":{"line":46,"column":6},"end":{"line":46,"column":25}},{"start":{"line":46,"column":29},"end":{"line":46,"column":54}}]},"2":{"loc":{"start":{"line":53,"column":6},"end":{"line":53,"column":54}},"type":"binary-expr","locations":[{"start":{"line":53,"column":6},"end":{"line":53,"column":25}},{"start":{"line":53,"column":29},"end":{"line":53,"column":54}}]},"3":{"loc":{"start":{"line":72,"column":4},"end":{"line":72,"column":31}},"type":"if","locations":[{"start":{"line":72,"column":4},"end":{"line":72,"column":31}}]},"4":{"loc":{"start":{"line":74,"column":4},"end":{"line":76,"column":5}},"type":"if","locations":[{"start":{"line":74,"column":4},"end":{"line":76,"column":5}}]},"5":{"loc":{"start":{"line":78,"column":4},"end":{"line":108,"column":5}},"type":"if","locations":[{"start":{"line":78,"column":4},"end":{"line":108,"column":5}}]},"6":{"loc":{"start":{"line":78,"column":8},"end":{"line":78,"column":53}},"type":"binary-expr","locations":[{"start":{"line":78,"column":8},"end":{"line":78,"column":34}},{"start":{"line":78,"column":38},"end":{"line":78,"column":53}}]},"7":{"loc":{"start":{"line":79,"column":6},"end":{"line":81,"column":7}},"type":"if","locations":[{"start":{"line":79,"column":6},"end":{"line":81,"column":7}}]},"8":{"loc":{"start":{"line":79,"column":10},"end":{"line":79,"column":51}},"type":"binary-expr","locations":[{"start":{"line":79,"column":10},"end":{"line":79,"column":34}},{"start":{"line":79,"column":38},"end":{"line":79,"column":51}}]},"9":{"loc":{"start":{"line":87,"column":6},"end":{"line":88,"column":57}},"type":"if","locations":[{"start":{"line":87,"column":6},"end":{"line":88,"column":57}}]},"10":{"loc":{"start":{"line":91,"column":6},"end":{"line":91,"column":66}},"type":"if","locations":[{"start":{"line":91,"column":6},"end":{"line":91,"column":66}}]},"11":{"loc":{"start":{"line":91,"column":10},"end":{"line":91,"column":52}},"type":"binary-expr","locations":[{"start":{"line":91,"column":10},"end":{"line":91,"column":31}},{"start":{"line":91,"column":35},"end":{"line":91,"column":52}}]},"12":{"loc":{"start":{"line":94,"column":8},"end":{"line":94,"column":35}},"type":"if","locations":[{"start":{"line":94,"column":8},"end":{"line":94,"column":35}}]},"13":{"loc":{"start":{"line":95,"column":8},"end":{"line":95,"column":74}},"type":"if","locations":[{"start":{"line":95,"column":8},"end":{"line":95,"column":74}}]},"14":{"loc":{"start":{"line":103,"column":8},"end":{"line":105,"column":9}},"type":"if","locations":[{"start":{"line":103,"column":8},"end":{"line":105,"column":9}}]},"15":{"loc":{"start":{"line":121,"column":6},"end":{"line":121,"column":68}},"type":"if","locations":[{"start":{"line":121,"column":6},"end":{"line":121,"column":68}}]},"16":{"loc":{"start":{"line":121,"column":10},"end":{"line":121,"column":53}},"type":"binary-expr","locations":[{"start":{"line":121,"column":10},"end":{"line":121,"column":35}},{"start":{"line":121,"column":39},"end":{"line":121,"column":53}}]}},"s":{"0":1,"1":1,"2":1,"3":1,"4":1,"5":1,"6":1,"7":1,"8":5,"9":11,"10":1,"11":4,"12":1,"13":3,"14":1,"15":3,"16":2,"17":6,"18":1,"19":2,"20":9,"21":9,"22":5,"23":5,"24":5,"25":9,"26":46,"27":0,"28":46,"29":31,"30":15,"31":15,"32":0,"33":15,"34":15,"35":15,"36":39,"37":0,"38":15,"39":1,"40":14,"41":38,"42":0,"43":38,"44":1,"45":37,"46":37,"47":4,"48":9,"49":0,"50":9,"51":1,"52":2,"53":0,"54":2,"55":2,"56":3},"f":{"0":5,"1":11,"2":1,"3":4,"4":1,"5":3,"6":1,"7":3,"8":2,"9":6,"10":1,"11":2,"12":9,"13":5,"14":46,"15":39,"16":1,"17":2,"18":3},"b":{"0":[3,2],"1":[6,4],"2":[2,1],"3":[0],"4":[31],"5":[15],"6":[15,15],"7":[0],"8":[15,15],"9":[0],"10":[1],"11":[15,2],"12":[0],"13":[1],"14":[4],"15":[0],"16":[2,2]}}
}
