TN:
SF:src/index.ts
FN:18,string
FN:20,(anonymous_1)
FN:24,number
FN:26,(anonymous_3)
FN:30,boolean
FN:32,(anonymous_5)
FN:36,optionalBoolean
FN:38,(anonymous_7)
FN:43,optionalString
FN:45,(anonymous_9)
FN:50,optionalNumber
FN:52,(anonymous_11)
FN:57,validate
FN:64,(anonymous_13)
FN:71,(anonymous_14)
FN:87,(anonymous_15)
FN:116,dynamicKeyObject
FN:120,(anonymous_17)
FN:125,(anonymous_18)
FNF:19
FNH:19
FNDA:5,string
FNDA:11,(anonymous_1)
FNDA:1,number
FNDA:4,(anonymous_3)
FNDA:1,boolean
FNDA:3,(anonymous_5)
FNDA:1,optionalBoolean
FNDA:3,(anonymous_7)
FNDA:2,optionalString
FNDA:6,(anonymous_9)
FNDA:1,optionalNumber
FNDA:2,(anonymous_11)
FNDA:9,validate
FNDA:5,(anonymous_13)
FNDA:46,(anonymous_14)
FNDA:39,(anonymous_15)
FNDA:1,dynamicKeyObject
FNDA:2,(anonymous_17)
FNDA:3,(anonymous_18)
DA:18,1
DA:19,5
DA:20,11
DA:24,1
DA:25,1
DA:26,4
DA:30,1
DA:31,1
DA:32,3
DA:36,1
DA:37,1
DA:39,3
DA:43,1
DA:44,2
DA:46,6
DA:50,1
DA:51,1
DA:53,2
DA:57,1
DA:62,9
DA:64,9
DA:65,5
DA:66,5
DA:68,5
DA:71,9
DA:72,46
DA:74,46
DA:75,31
DA:78,15
DA:79,15
DA:80,0
DA:83,15
DA:84,15
DA:87,39
DA:88,0
DA:91,15
DA:93,14
DA:94,38
DA:95,38
DA:97,37
DA:103,37
DA:104,4
DA:107,9
DA:110,0
DA:113,9
DA:116,1
DA:119,1
DA:121,2
DA:123,2
DA:125,2
DA:126,3
LF:51
LH:48
BRDA:39,0,0,3
BRDA:39,0,1,2
BRDA:46,1,0,6
BRDA:46,1,1,4
BRDA:53,2,0,2
BRDA:53,2,1,1
BRDA:72,3,0,0
BRDA:74,4,0,31
BRDA:78,5,0,15
BRDA:78,6,0,15
BRDA:78,6,1,15
BRDA:79,7,0,0
BRDA:79,8,0,15
BRDA:79,8,1,15
BRDA:87,9,0,0
BRDA:91,10,0,1
BRDA:91,11,0,15
BRDA:91,11,1,2
BRDA:94,12,0,0
BRDA:95,13,0,1
BRDA:103,14,0,4
BRDA:121,15,0,0
BRDA:121,16,0,2
BRDA:121,16,1,2
BRF:24
BRH:19
end_of_record
